{"timestamp":"2026-03-04T23:12:20.560432Z","level":"info","event":"DAG bundles loaded: dags-folder, example_dags","logger":"airflow.dag_processing.bundles.manager.DagBundlesManager","filename":"manager.py","lineno":179}
{"timestamp":"2026-03-04T23:12:20.561304Z","level":"info","event":"Filling up the DagBag from /opt/airflow/dags/weather_dag.py","logger":"airflow.models.dagbag.BundleDagBag","filename":"dagbag.py","lineno":593}
{"timestamp":"2026-03-04T23:12:20.590033Z","level":"warning","event":"The `airflow.decorators.dag` attribute is deprecated. Please use `'airflow.sdk.dag'`.","category":"DeprecatedImportWarning","filename":"/opt/airflow/dags/weather_dag.py","lineno":2,"logger":"py.warnings"}
{"timestamp":"2026-03-04T23:12:20.590235Z","level":"warning","event":"The `airflow.decorators.task` attribute is deprecated. Please use `'airflow.sdk.task'`.","category":"DeprecatedImportWarning","filename":"/opt/airflow/dags/weather_dag.py","lineno":2,"logger":"py.warnings"}
{"timestamp":"2026-03-04T23:12:20.615486Z","level":"info","event":"Task instance is in running state","logger":"task.stdout"}
{"timestamp":"2026-03-04T23:12:20.615702Z","level":"info","event":" Previous state of the Task instance: TaskInstanceState.QUEUED","logger":"task.stdout"}
{"timestamp":"2026-03-04T23:12:20.615816Z","level":"info","event":"Current task name:transform","logger":"task.stdout"}
{"timestamp":"2026-03-04T23:12:20.615869Z","level":"info","event":"Dag name:openweather_pipeline","logger":"task.stdout"}
{"timestamp":"2026-03-04T23:12:20.617539Z","level":"info","event":"\nIniciando Transformação do DataFrame","logger":"root","filename":"transform_data.py","lineno":103}
{"timestamp":"2026-03-04T23:12:20.617792Z","level":"info","event":"-> Criando Dataframe do Arquivo JSON...","logger":"root","filename":"transform_data.py","lineno":45}
{"timestamp":"2026-03-04T23:12:20.619901Z","level":"info","event":"\nOK - Datframe Criado com 1 linha(s)","logger":"root","filename":"transform_data.py","lineno":56}
{"timestamp":"2026-03-04T23:12:20.624749Z","level":"info","event":"\nOK - Coluna 'weather' normalizada - 30 colunas","logger":"root","filename":"transform_data.py","lineno":71}
{"timestamp":"2026-03-04T23:12:20.625117Z","level":"info","event":"\nRemovendo Colunas: ['sys.type', 'weather', 'weather_icon']","logger":"root","filename":"transform_data.py","lineno":77}
{"timestamp":"2026-03-04T23:12:20.628685Z","level":"info","event":"\nOK - Colunas Removidas - 27 colunas restantes","logger":"root","filename":"transform_data.py","lineno":81}
{"timestamp":"2026-03-04T23:12:20.628904Z","level":"info","event":"\nRenomeando 26 Colunas","logger":"root","filename":"transform_data.py","lineno":87}
{"timestamp":"2026-03-04T23:12:20.629591Z","level":"info","event":"\nOK - Colunas Renomeadas","logger":"root","filename":"transform_data.py","lineno":89}
{"timestamp":"2026-03-04T23:12:20.629766Z","level":"info","event":"\nNormalizando Colunas para Datetime: ['datetime', 'sunrise', 'sunset']","logger":"root","filename":"transform_data.py","lineno":95}
{"timestamp":"2026-03-04T23:12:20.632746Z","level":"info","event":"\nColuna datetime normalizada!","logger":"root","filename":"transform_data.py","lineno":98}
{"timestamp":"2026-03-04T23:12:20.633926Z","level":"info","event":"\nColuna sunrise normalizada!","logger":"root","filename":"transform_data.py","lineno":98}
{"timestamp":"2026-03-04T23:12:20.634933Z","level":"info","event":"\nColuna sunset normalizada!","logger":"root","filename":"transform_data.py","lineno":98}
{"timestamp":"2026-03-04T23:12:20.635097Z","level":"info","event":"\nOK - Colunas convertidas para Datetime\n","logger":"root","filename":"transform_data.py","lineno":99}
{"timestamp":"2026-03-04T23:12:20.635175Z","level":"info","event":"\nTransformações Concluídas","logger":"root","filename":"transform_data.py","lineno":109}
{"timestamp":"2026-03-04T23:12:20.659806Z","level":"info","event":"Done. Returned value was: None","logger":"airflow.task.operators.airflow.providers.standard.decorators.python._PythonDecoratedOperator","filename":"python.py","lineno":230}
{"timestamp":"2026-03-04T23:12:20.683940Z","level":"info","event":"Task instance in success state","logger":"task.stdout"}
{"timestamp":"2026-03-04T23:12:20.684245Z","level":"info","event":" Previous state of the Task instance: TaskInstanceState.RUNNING","logger":"task.stdout"}
{"timestamp":"2026-03-04T23:12:20.684454Z","level":"info","event":"Task operator:<Task(_PythonDecoratedOperator): transform>","logger":"task.stdout"}
