{"timestamp":"2026-03-04T23:07:17.629113Z","level":"info","event":"DAG bundles loaded: dags-folder, example_dags","logger":"airflow.dag_processing.bundles.manager.DagBundlesManager","filename":"manager.py","lineno":179}
{"timestamp":"2026-03-04T23:07:17.629994Z","level":"info","event":"Filling up the DagBag from /opt/airflow/dags/weather_dag.py","logger":"airflow.models.dagbag.BundleDagBag","filename":"dagbag.py","lineno":593}
{"timestamp":"2026-03-04T23:07:17.652228Z","level":"warning","event":"The `airflow.decorators.dag` attribute is deprecated. Please use `'airflow.sdk.dag'`.","category":"DeprecatedImportWarning","filename":"/opt/airflow/dags/weather_dag.py","lineno":2,"logger":"py.warnings"}
{"timestamp":"2026-03-04T23:07:17.652416Z","level":"warning","event":"The `airflow.decorators.task` attribute is deprecated. Please use `'airflow.sdk.task'`.","category":"DeprecatedImportWarning","filename":"/opt/airflow/dags/weather_dag.py","lineno":2,"logger":"py.warnings"}
{"timestamp":"2026-03-04T23:07:17.677834Z","level":"info","event":"Task instance is in running state","logger":"task.stdout"}
{"timestamp":"2026-03-04T23:07:17.678155Z","level":"info","event":" Previous state of the Task instance: TaskInstanceState.QUEUED","logger":"task.stdout"}
{"timestamp":"2026-03-04T23:07:17.678476Z","level":"info","event":"Current task name:transform","logger":"task.stdout"}
{"timestamp":"2026-03-04T23:07:17.678726Z","level":"info","event":"Dag name:openweather_pipeline","logger":"task.stdout"}
{"timestamp":"2026-03-04T23:07:17.679433Z","level":"info","event":"\nIniciando Transformação do DataFrame","logger":"root","filename":"transform_data.py","lineno":103}
{"timestamp":"2026-03-04T23:07:17.679616Z","level":"info","event":"-> Criando Dataframe do Arquivo JSON...","logger":"root","filename":"transform_data.py","lineno":45}
{"timestamp":"2026-03-04T23:07:17.683050Z","level":"info","event":"\nOK - Datframe Criado com 1 linha(s)","logger":"root","filename":"transform_data.py","lineno":56}
{"timestamp":"2026-03-04T23:07:17.686812Z","level":"info","event":"\nOK - Coluna 'weather' normalizada - 30 colunas","logger":"root","filename":"transform_data.py","lineno":71}
{"timestamp":"2026-03-04T23:07:17.687266Z","level":"info","event":"\nRemovendo Colunas: ['sys.type', 'weather', 'weather_icon']","logger":"root","filename":"transform_data.py","lineno":77}
{"timestamp":"2026-03-04T23:07:17.688454Z","level":"info","event":"\nOK - Colunas Removidas - 27 colunas restantes","logger":"root","filename":"transform_data.py","lineno":81}
{"timestamp":"2026-03-04T23:07:17.688691Z","level":"info","event":"\nRenomeando 26 Colunas","logger":"root","filename":"transform_data.py","lineno":87}
{"timestamp":"2026-03-04T23:07:17.689462Z","level":"info","event":"\nOK - Colunas Renomeadas","logger":"root","filename":"transform_data.py","lineno":89}
{"timestamp":"2026-03-04T23:07:17.689689Z","level":"info","event":"\nNormalizando Colunas para Datetime: ['datetime', 'sunrise', 'sunset']","logger":"root","filename":"transform_data.py","lineno":95}
{"timestamp":"2026-03-04T23:07:17.692496Z","level":"info","event":"\nColuna datetime normalizada!","logger":"root","filename":"transform_data.py","lineno":98}
{"timestamp":"2026-03-04T23:07:17.693438Z","level":"info","event":"\nColuna sunrise normalizada!","logger":"root","filename":"transform_data.py","lineno":98}
{"timestamp":"2026-03-04T23:07:17.694384Z","level":"info","event":"\nColuna sunset normalizada!","logger":"root","filename":"transform_data.py","lineno":98}
{"timestamp":"2026-03-04T23:07:17.694566Z","level":"info","event":"\nOK - Colunas convertidas para Datetime\n","logger":"root","filename":"transform_data.py","lineno":99}
{"timestamp":"2026-03-04T23:07:17.694643Z","level":"info","event":"\nTransformações Concluídas","logger":"root","filename":"transform_data.py","lineno":109}
{"timestamp":"2026-03-04T23:07:17.715952Z","level":"info","event":"Done. Returned value was: None","logger":"airflow.task.operators.airflow.providers.standard.decorators.python._PythonDecoratedOperator","filename":"python.py","lineno":230}
{"timestamp":"2026-03-04T23:07:17.739111Z","level":"info","event":"Task instance in success state","logger":"task.stdout"}
{"timestamp":"2026-03-04T23:07:17.739285Z","level":"info","event":" Previous state of the Task instance: TaskInstanceState.RUNNING","logger":"task.stdout"}
{"timestamp":"2026-03-04T23:07:17.739667Z","level":"info","event":"Task operator:<Task(_PythonDecoratedOperator): transform>","logger":"task.stdout"}
